[0.107s] DEBUG:colcon:Command line arguments: ['/usr/bin/colcon', 'build']
[0.107s] DEBUG:colcon:Parsed command line arguments: Namespace(log_base=None, log_level=None, verb_name='build', build_base='build', install_base='install', merge_install=False, symlink_install=False, test_result_base=None, continue_on_error=False, executor='parallel', parallel_workers=9, event_handlers=None, ignore_user_meta=False, metas=['./colcon.meta'], base_paths=['.'], packages_ignore=None, packages_ignore_regex=None, paths=None, packages_up_to=None, packages_up_to_regex=None, packages_above=None, packages_above_and_dependencies=None, packages_above_depth=None, packages_select_by_dep=None, packages_skip_by_dep=None, packages_skip_up_to=None, packages_select_build_failed=False, packages_skip_build_finished=False, packages_select_test_failures=False, packages_skip_test_passed=False, packages_select=None, packages_skip=None, packages_select_regex=None, packages_skip_regex=None, packages_start=None, packages_end=None, allow_overriding=[], cmake_args=None, cmake_target=None, cmake_target_skip_unavailable=False, cmake_clean_cache=False, cmake_clean_first=False, cmake_force_configure=False, ament_cmake_args=None, catkin_cmake_args=None, catkin_skip_building_tests=False, verb_parser=<colcon_defaults.argument_parser.defaults.DefaultArgumentsDecorator object at 0x7b16c9b23c40>, verb_extension=<colcon_core.verb.build.BuildVerb object at 0x7b16c9b237f0>, main=<bound method BuildVerb.main of <colcon_core.verb.build.BuildVerb object at 0x7b16c9b237f0>>)
[0.262s] Level 1:colcon.colcon_core.package_discovery:discover_packages(colcon_meta) check parameters
[0.262s] Level 1:colcon.colcon_core.package_discovery:discover_packages(recursive) check parameters
[0.262s] Level 1:colcon.colcon_core.package_discovery:discover_packages(ignore) check parameters
[0.262s] Level 1:colcon.colcon_core.package_discovery:discover_packages(path) check parameters
[0.262s] Level 1:colcon.colcon_core.package_discovery:discover_packages(colcon_meta) discover
[0.262s] Level 1:colcon.colcon_core.package_discovery:discover_packages(recursive) discover
[0.262s] INFO:colcon.colcon_core.package_discovery:Crawling recursively for packages in '/home/ubuntu/Documents/LabFunda/lab_ws/src'
[0.262s] Level 1:colcon.colcon_core.package_identification:_identify(.) by extensions ['ignore', 'ignore_ament_install']
[0.262s] Level 1:colcon.colcon_core.package_identification:_identify(.) by extension 'ignore'
[0.263s] Level 1:colcon.colcon_core.package_identification:_identify(.) by extension 'ignore_ament_install'
[0.263s] Level 1:colcon.colcon_core.package_identification:_identify(.) by extensions ['colcon_pkg']
[0.263s] Level 1:colcon.colcon_core.package_identification:_identify(.) by extension 'colcon_pkg'
[0.263s] Level 1:colcon.colcon_core.package_identification:_identify(.) by extensions ['colcon_meta']
[0.263s] Level 1:colcon.colcon_core.package_identification:_identify(.) by extension 'colcon_meta'
[0.263s] Level 1:colcon.colcon_core.package_identification:_identify(.) by extensions ['ros']
[0.263s] Level 1:colcon.colcon_core.package_identification:_identify(.) by extension 'ros'
[0.276s] Level 1:colcon.colcon_core.package_identification:_identify(.) by extensions ['cmake', 'python']
[0.276s] Level 1:colcon.colcon_core.package_identification:_identify(.) by extension 'cmake'
[0.276s] Level 1:colcon.colcon_core.package_identification:_identify(.) by extension 'python'
[0.276s] Level 1:colcon.colcon_core.package_identification:_identify(.) by extensions ['python_setup_py']
[0.276s] Level 1:colcon.colcon_core.package_identification:_identify(.) by extension 'python_setup_py'
[0.276s] Level 1:colcon.colcon_core.package_identification:_identify(build) by extensions ['ignore', 'ignore_ament_install']
[0.276s] Level 1:colcon.colcon_core.package_identification:_identify(build) by extension 'ignore'
[0.276s] Level 1:colcon.colcon_core.package_identification:_identify(build) ignored
[0.276s] Level 1:colcon.colcon_core.package_identification:_identify(frlabs) by extensions ['ignore', 'ignore_ament_install']
[0.276s] Level 1:colcon.colcon_core.package_identification:_identify(frlabs) by extension 'ignore'
[0.276s] Level 1:colcon.colcon_core.package_identification:_identify(frlabs) by extension 'ignore_ament_install'
[0.276s] Level 1:colcon.colcon_core.package_identification:_identify(frlabs) by extensions ['colcon_pkg']
[0.276s] Level 1:colcon.colcon_core.package_identification:_identify(frlabs) by extension 'colcon_pkg'
[0.276s] Level 1:colcon.colcon_core.package_identification:_identify(frlabs) by extensions ['colcon_meta']
[0.276s] Level 1:colcon.colcon_core.package_identification:_identify(frlabs) by extension 'colcon_meta'
[0.277s] Level 1:colcon.colcon_core.package_identification:_identify(frlabs) by extensions ['ros']
[0.277s] Level 1:colcon.colcon_core.package_identification:_identify(frlabs) by extension 'ros'
[0.277s] Level 1:colcon.colcon_core.package_identification:_identify(frlabs) by extensions ['cmake', 'python']
[0.277s] Level 1:colcon.colcon_core.package_identification:_identify(frlabs) by extension 'cmake'
[0.277s] Level 1:colcon.colcon_core.package_identification:_identify(frlabs) by extension 'python'
[0.277s] Level 1:colcon.colcon_core.package_identification:_identify(frlabs) by extensions ['python_setup_py']
[0.277s] Level 1:colcon.colcon_core.package_identification:_identify(frlabs) by extension 'python_setup_py'
[0.277s] Level 1:colcon.colcon_core.package_identification:_identify(frlabs/lab1) by extensions ['ignore', 'ignore_ament_install']
[0.277s] Level 1:colcon.colcon_core.package_identification:_identify(frlabs/lab1) by extension 'ignore'
[0.277s] Level 1:colcon.colcon_core.package_identification:_identify(frlabs/lab1) by extension 'ignore_ament_install'
[0.277s] Level 1:colcon.colcon_core.package_identification:_identify(frlabs/lab1) by extensions ['colcon_pkg']
[0.277s] Level 1:colcon.colcon_core.package_identification:_identify(frlabs/lab1) by extension 'colcon_pkg'
[0.277s] Level 1:colcon.colcon_core.package_identification:_identify(frlabs/lab1) by extensions ['colcon_meta']
[0.277s] Level 1:colcon.colcon_core.package_identification:_identify(frlabs/lab1) by extension 'colcon_meta'
[0.277s] Level 1:colcon.colcon_core.package_identification:_identify(frlabs/lab1) by extensions ['ros']
[0.277s] Level 1:colcon.colcon_core.package_identification:_identify(frlabs/lab1) by extension 'ros'
[0.283s] DEBUG:colcon.colcon_core.package_identification:Package 'frlabs/lab1' with type 'ros.ament_python' and name 'lab1'
[0.284s] Level 1:colcon.colcon_core.package_identification:_identify(frlabs/lab2) by extensions ['ignore', 'ignore_ament_install']
[0.284s] Level 1:colcon.colcon_core.package_identification:_identify(frlabs/lab2) by extension 'ignore'
[0.284s] Level 1:colcon.colcon_core.package_identification:_identify(frlabs/lab2) by extension 'ignore_ament_install'
[0.284s] Level 1:colcon.colcon_core.package_identification:_identify(frlabs/lab2) by extensions ['colcon_pkg']
[0.284s] Level 1:colcon.colcon_core.package_identification:_identify(frlabs/lab2) by extension 'colcon_pkg'
[0.284s] Level 1:colcon.colcon_core.package_identification:_identify(frlabs/lab2) by extensions ['colcon_meta']
[0.284s] Level 1:colcon.colcon_core.package_identification:_identify(frlabs/lab2) by extension 'colcon_meta'
[0.284s] Level 1:colcon.colcon_core.package_identification:_identify(frlabs/lab2) by extensions ['ros']
[0.284s] Level 1:colcon.colcon_core.package_identification:_identify(frlabs/lab2) by extension 'ros'
[0.285s] DEBUG:colcon.colcon_core.package_identification:Package 'frlabs/lab2' with type 'ros.ament_python' and name 'lab2'
[0.285s] Level 1:colcon.colcon_core.package_identification:_identify(install) by extensions ['ignore', 'ignore_ament_install']
[0.285s] Level 1:colcon.colcon_core.package_identification:_identify(install) by extension 'ignore'
[0.285s] Level 1:colcon.colcon_core.package_identification:_identify(install) ignored
[0.285s] Level 1:colcon.colcon_core.package_identification:_identify(log) by extensions ['ignore', 'ignore_ament_install']
[0.285s] Level 1:colcon.colcon_core.package_identification:_identify(log) by extension 'ignore'
[0.285s] Level 1:colcon.colcon_core.package_identification:_identify(log) ignored
[0.285s] Level 1:colcon.colcon_core.package_discovery:discover_packages(recursive) using defaults
[0.285s] Level 1:colcon.colcon_core.package_discovery:discover_packages(ignore) discover
[0.285s] Level 1:colcon.colcon_core.package_discovery:discover_packages(ignore) using defaults
[0.286s] Level 1:colcon.colcon_core.package_discovery:discover_packages(path) discover
[0.286s] Level 1:colcon.colcon_core.package_discovery:discover_packages(path) using defaults
[0.306s] Level 1:colcon.colcon_core.package_discovery:discover_packages(prefix_path) check parameters
[0.306s] Level 1:colcon.colcon_core.package_discovery:discover_packages(prefix_path) discover
[0.308s] DEBUG:colcon.colcon_installed_package_information.package_discovery:Found 0 installed packages in /home/ubuntu/Documents/LabFunda/lab_ws/install
[0.308s] DEBUG:colcon.colcon_installed_package_information.package_discovery:Found 0 installed packages in /home/ubuntu/colcon_ws/install
[0.309s] DEBUG:colcon.colcon_installed_package_information.package_discovery:Found 271 installed packages in /opt/ros/humble
[0.320s] Level 1:colcon.colcon_core.package_discovery:discover_packages(prefix_path) using defaults
[0.351s] Level 5:colcon.colcon_core.verb:set package 'lab1' build argument 'cmake_args' from command line to 'None'
[0.351s] Level 5:colcon.colcon_core.verb:set package 'lab1' build argument 'cmake_target' from command line to 'None'
[0.351s] Level 5:colcon.colcon_core.verb:set package 'lab1' build argument 'cmake_target_skip_unavailable' from command line to 'False'
[0.351s] Level 5:colcon.colcon_core.verb:set package 'lab1' build argument 'cmake_clean_cache' from command line to 'False'
[0.351s] Level 5:colcon.colcon_core.verb:set package 'lab1' build argument 'cmake_clean_first' from command line to 'False'
[0.351s] Level 5:colcon.colcon_core.verb:set package 'lab1' build argument 'cmake_force_configure' from command line to 'False'
[0.351s] Level 5:colcon.colcon_core.verb:set package 'lab1' build argument 'ament_cmake_args' from command line to 'None'
[0.351s] Level 5:colcon.colcon_core.verb:set package 'lab1' build argument 'catkin_cmake_args' from command line to 'None'
[0.351s] Level 5:colcon.colcon_core.verb:set package 'lab1' build argument 'catkin_skip_building_tests' from command line to 'False'
[0.351s] DEBUG:colcon.colcon_core.verb:Building package 'lab1' with the following arguments: {'ament_cmake_args': None, 'build_base': '/home/ubuntu/Documents/LabFunda/lab_ws/src/build/lab1', 'catkin_cmake_args': None, 'catkin_skip_building_tests': False, 'cmake_args': None, 'cmake_clean_cache': False, 'cmake_clean_first': False, 'cmake_force_configure': False, 'cmake_target': None, 'cmake_target_skip_unavailable': False, 'install_base': '/home/ubuntu/Documents/LabFunda/lab_ws/src/install/lab1', 'merge_install': False, 'path': '/home/ubuntu/Documents/LabFunda/lab_ws/src/frlabs/lab1', 'symlink_install': False, 'test_result_base': None}
[0.351s] Level 5:colcon.colcon_core.verb:set package 'lab2' build argument 'cmake_args' from command line to 'None'
[0.351s] Level 5:colcon.colcon_core.verb:set package 'lab2' build argument 'cmake_target' from command line to 'None'
[0.351s] Level 5:colcon.colcon_core.verb:set package 'lab2' build argument 'cmake_target_skip_unavailable' from command line to 'False'
[0.351s] Level 5:colcon.colcon_core.verb:set package 'lab2' build argument 'cmake_clean_cache' from command line to 'False'
[0.351s] Level 5:colcon.colcon_core.verb:set package 'lab2' build argument 'cmake_clean_first' from command line to 'False'
[0.351s] Level 5:colcon.colcon_core.verb:set package 'lab2' build argument 'cmake_force_configure' from command line to 'False'
[0.351s] Level 5:colcon.colcon_core.verb:set package 'lab2' build argument 'ament_cmake_args' from command line to 'None'
[0.352s] Level 5:colcon.colcon_core.verb:set package 'lab2' build argument 'catkin_cmake_args' from command line to 'None'
[0.352s] Level 5:colcon.colcon_core.verb:set package 'lab2' build argument 'catkin_skip_building_tests' from command line to 'False'
[0.352s] DEBUG:colcon.colcon_core.verb:Building package 'lab2' with the following arguments: {'ament_cmake_args': None, 'build_base': '/home/ubuntu/Documents/LabFunda/lab_ws/src/build/lab2', 'catkin_cmake_args': None, 'catkin_skip_building_tests': False, 'cmake_args': None, 'cmake_clean_cache': False, 'cmake_clean_first': False, 'cmake_force_configure': False, 'cmake_target': None, 'cmake_target_skip_unavailable': False, 'install_base': '/home/ubuntu/Documents/LabFunda/lab_ws/src/install/lab2', 'merge_install': False, 'path': '/home/ubuntu/Documents/LabFunda/lab_ws/src/frlabs/lab2', 'symlink_install': False, 'test_result_base': None}
[0.352s] INFO:colcon.colcon_core.executor:Executing jobs using 'parallel' executor
[0.354s] DEBUG:colcon.colcon_parallel_executor.executor.parallel:run_until_complete
[0.355s] INFO:colcon.colcon_ros.task.ament_python.build:Building ROS package in '/home/ubuntu/Documents/LabFunda/lab_ws/src/frlabs/lab1' with build type 'ament_python'
[0.355s] Level 1:colcon.colcon_core.shell:create_environment_hook('lab1', 'ament_prefix_path')
[0.358s] INFO:colcon.colcon_core.plugin_system:Skipping extension 'colcon_core.shell.bat': Not used on non-Windows systems
[0.359s] INFO:colcon.colcon_core.shell:Creating environment hook '/home/ubuntu/Documents/LabFunda/lab_ws/src/install/lab1/share/lab1/hook/ament_prefix_path.ps1'
[0.360s] INFO:colcon.colcon_core.shell:Creating environment descriptor '/home/ubuntu/Documents/LabFunda/lab_ws/src/install/lab1/share/lab1/hook/ament_prefix_path.dsv'
[0.362s] INFO:colcon.colcon_core.shell:Creating environment hook '/home/ubuntu/Documents/LabFunda/lab_ws/src/install/lab1/share/lab1/hook/ament_prefix_path.sh'
[0.363s] INFO:colcon.colcon_core.shell:Skip shell extension 'powershell' for command environment: Not usable outside of PowerShell
[0.364s] DEBUG:colcon.colcon_core.shell:Skip shell extension 'dsv' for command environment
[0.369s] INFO:colcon.colcon_ros.task.ament_python.build:Building ROS package in '/home/ubuntu/Documents/LabFunda/lab_ws/src/frlabs/lab2' with build type 'ament_python'
[0.369s] Level 1:colcon.colcon_core.shell:create_environment_hook('lab2', 'ament_prefix_path')
[0.370s] INFO:colcon.colcon_core.shell:Creating environment hook '/home/ubuntu/Documents/LabFunda/lab_ws/src/install/lab2/share/lab2/hook/ament_prefix_path.ps1'
[0.370s] INFO:colcon.colcon_core.shell:Creating environment descriptor '/home/ubuntu/Documents/LabFunda/lab_ws/src/install/lab2/share/lab2/hook/ament_prefix_path.dsv'
[0.372s] INFO:colcon.colcon_core.shell:Creating environment hook '/home/ubuntu/Documents/LabFunda/lab_ws/src/install/lab2/share/lab2/hook/ament_prefix_path.sh'
[0.373s] INFO:colcon.colcon_core.shell:Skip shell extension 'powershell' for command environment: Not usable outside of PowerShell
[0.373s] DEBUG:colcon.colcon_core.shell:Skip shell extension 'dsv' for command environment
[0.645s] INFO:colcon.colcon_core.task.python.build:Building Python package in '/home/ubuntu/Documents/LabFunda/lab_ws/src/frlabs/lab1'
[0.646s] INFO:colcon.colcon_core.shell:Skip shell extension 'powershell' for command environment: Not usable outside of PowerShell
[0.646s] DEBUG:colcon.colcon_core.shell:Skip shell extension 'dsv' for command environment
[0.895s] INFO:colcon.colcon_core.task.python.build:Building Python package in '/home/ubuntu/Documents/LabFunda/lab_ws/src/frlabs/lab2'
[0.895s] INFO:colcon.colcon_core.shell:Skip shell extension 'powershell' for command environment: Not usable outside of PowerShell
[0.895s] DEBUG:colcon.colcon_core.shell:Skip shell extension 'dsv' for command environment
[1.331s] DEBUG:colcon.colcon_core.event_handler.log_command:Invoking command in '/home/ubuntu/Documents/LabFunda/lab_ws/src/frlabs/lab2': PYTHONPATH=/home/ubuntu/Documents/LabFunda/lab_ws/src/build/lab2/prefix_override:/usr/lib/python3/dist-packages/colcon_core/task/python/colcon_distutils_commands:/home/ubuntu/Documents/LabFunda/lab_ws/src/install/lab2/lib/python3.10/site-packages:${PYTHONPATH} /usr/bin/python3 -W ignore:setup.py install is deprecated -W ignore:easy_install command is deprecated setup.py egg_info --egg-base ../../build/lab2 build --build-base /home/ubuntu/Documents/LabFunda/lab_ws/src/build/lab2/build install --record /home/ubuntu/Documents/LabFunda/lab_ws/src/build/lab2/install.log --single-version-externally-managed install_data
[1.339s] DEBUG:colcon.colcon_core.event_handler.log_command:Invoking command in '/home/ubuntu/Documents/LabFunda/lab_ws/src/frlabs/lab1': PYTHONPATH=/home/ubuntu/Documents/LabFunda/lab_ws/src/build/lab1/prefix_override:/usr/lib/python3/dist-packages/colcon_core/task/python/colcon_distutils_commands:/home/ubuntu/Documents/LabFunda/lab_ws/src/install/lab1/lib/python3.10/site-packages:${PYTHONPATH} /usr/bin/python3 -W ignore:setup.py install is deprecated -W ignore:easy_install command is deprecated setup.py egg_info --egg-base ../../build/lab1 build --build-base /home/ubuntu/Documents/LabFunda/lab_ws/src/build/lab1/build install --record /home/ubuntu/Documents/LabFunda/lab_ws/src/build/lab1/install.log --single-version-externally-managed install_data
[1.603s] DEBUG:colcon.colcon_core.event_handler.log_command:Invoked command in '/home/ubuntu/Documents/LabFunda/lab_ws/src/frlabs/lab2' returned '0': PYTHONPATH=/home/ubuntu/Documents/LabFunda/lab_ws/src/build/lab2/prefix_override:/usr/lib/python3/dist-packages/colcon_core/task/python/colcon_distutils_commands:/home/ubuntu/Documents/LabFunda/lab_ws/src/install/lab2/lib/python3.10/site-packages:${PYTHONPATH} /usr/bin/python3 -W ignore:setup.py install is deprecated -W ignore:easy_install command is deprecated setup.py egg_info --egg-base ../../build/lab2 build --build-base /home/ubuntu/Documents/LabFunda/lab_ws/src/build/lab2/build install --record /home/ubuntu/Documents/LabFunda/lab_ws/src/build/lab2/install.log --single-version-externally-managed install_data
[1.620s] Level 1:colcon.colcon_core.environment:checking '/home/ubuntu/Documents/LabFunda/lab_ws/src/install/lab2' for CMake module files
[1.621s] Level 1:colcon.colcon_core.environment:checking '/home/ubuntu/Documents/LabFunda/lab_ws/src/install/lab2' for CMake config files
[1.621s] Level 1:colcon.colcon_core.environment:checking '/home/ubuntu/Documents/LabFunda/lab_ws/src/install/lab2/lib'
[1.622s] Level 1:colcon.colcon_core.environment:checking '/home/ubuntu/Documents/LabFunda/lab_ws/src/install/lab2/bin'
[1.622s] Level 1:colcon.colcon_core.environment:checking '/home/ubuntu/Documents/LabFunda/lab_ws/src/install/lab2/lib/pkgconfig/lab2.pc'
[1.622s] Level 1:colcon.colcon_core.environment:checking '/home/ubuntu/Documents/LabFunda/lab_ws/src/install/lab2/lib/python3.10/site-packages'
[1.622s] Level 1:colcon.colcon_core.shell:create_environment_hook('lab2', 'pythonpath')
[1.622s] INFO:colcon.colcon_core.shell:Creating environment hook '/home/ubuntu/Documents/LabFunda/lab_ws/src/install/lab2/share/lab2/hook/pythonpath.ps1'
[1.623s] INFO:colcon.colcon_core.shell:Creating environment descriptor '/home/ubuntu/Documents/LabFunda/lab_ws/src/install/lab2/share/lab2/hook/pythonpath.dsv'
[1.624s] INFO:colcon.colcon_core.shell:Creating environment hook '/home/ubuntu/Documents/LabFunda/lab_ws/src/install/lab2/share/lab2/hook/pythonpath.sh'
[1.624s] Level 1:colcon.colcon_core.environment:checking '/home/ubuntu/Documents/LabFunda/lab_ws/src/install/lab2/bin'
[1.625s] Level 1:colcon.colcon_core.environment:create_environment_scripts_only(lab2)
[1.625s] INFO:colcon.colcon_core.shell:Creating package script '/home/ubuntu/Documents/LabFunda/lab_ws/src/install/lab2/share/lab2/package.ps1'
[1.627s] INFO:colcon.colcon_core.shell:Creating package descriptor '/home/ubuntu/Documents/LabFunda/lab_ws/src/install/lab2/share/lab2/package.dsv'
[1.628s] INFO:colcon.colcon_core.shell:Creating package script '/home/ubuntu/Documents/LabFunda/lab_ws/src/install/lab2/share/lab2/package.sh'
[1.630s] INFO:colcon.colcon_core.shell:Creating package script '/home/ubuntu/Documents/LabFunda/lab_ws/src/install/lab2/share/lab2/package.bash'
[1.632s] INFO:colcon.colcon_core.shell:Creating package script '/home/ubuntu/Documents/LabFunda/lab_ws/src/install/lab2/share/lab2/package.zsh'
[1.633s] Level 1:colcon.colcon_core.environment:create_file_with_runtime_dependencies(/home/ubuntu/Documents/LabFunda/lab_ws/src/install/lab2/share/colcon-core/packages/lab2)
[1.637s] Level 1:colcon.colcon_core.environment:checking '/home/ubuntu/Documents/LabFunda/lab_ws/src/install/lab1' for CMake module files
[1.637s] DEBUG:colcon.colcon_core.event_handler.log_command:Invoked command in '/home/ubuntu/Documents/LabFunda/lab_ws/src/frlabs/lab1' returned '0': PYTHONPATH=/home/ubuntu/Documents/LabFunda/lab_ws/src/build/lab1/prefix_override:/usr/lib/python3/dist-packages/colcon_core/task/python/colcon_distutils_commands:/home/ubuntu/Documents/LabFunda/lab_ws/src/install/lab1/lib/python3.10/site-packages:${PYTHONPATH} /usr/bin/python3 -W ignore:setup.py install is deprecated -W ignore:easy_install command is deprecated setup.py egg_info --egg-base ../../build/lab1 build --build-base /home/ubuntu/Documents/LabFunda/lab_ws/src/build/lab1/build install --record /home/ubuntu/Documents/LabFunda/lab_ws/src/build/lab1/install.log --single-version-externally-managed install_data
[1.638s] Level 1:colcon.colcon_core.environment:checking '/home/ubuntu/Documents/LabFunda/lab_ws/src/install/lab1' for CMake config files
[1.638s] Level 1:colcon.colcon_core.environment:checking '/home/ubuntu/Documents/LabFunda/lab_ws/src/install/lab1/lib'
[1.638s] Level 1:colcon.colcon_core.environment:checking '/home/ubuntu/Documents/LabFunda/lab_ws/src/install/lab1/bin'
[1.638s] Level 1:colcon.colcon_core.environment:checking '/home/ubuntu/Documents/LabFunda/lab_ws/src/install/lab1/lib/pkgconfig/lab1.pc'
[1.639s] Level 1:colcon.colcon_core.environment:checking '/home/ubuntu/Documents/LabFunda/lab_ws/src/install/lab1/lib/python3.10/site-packages'
[1.639s] Level 1:colcon.colcon_core.shell:create_environment_hook('lab1', 'pythonpath')
[1.639s] INFO:colcon.colcon_core.shell:Creating environment hook '/home/ubuntu/Documents/LabFunda/lab_ws/src/install/lab1/share/lab1/hook/pythonpath.ps1'
[1.641s] INFO:colcon.colcon_core.shell:Creating environment descriptor '/home/ubuntu/Documents/LabFunda/lab_ws/src/install/lab1/share/lab1/hook/pythonpath.dsv'
[1.641s] INFO:colcon.colcon_core.shell:Creating environment hook '/home/ubuntu/Documents/LabFunda/lab_ws/src/install/lab1/share/lab1/hook/pythonpath.sh'
[1.642s] Level 1:colcon.colcon_core.environment:checking '/home/ubuntu/Documents/LabFunda/lab_ws/src/install/lab1/bin'
[1.642s] Level 1:colcon.colcon_core.environment:create_environment_scripts_only(lab1)
[1.643s] INFO:colcon.colcon_core.shell:Creating package script '/home/ubuntu/Documents/LabFunda/lab_ws/src/install/lab1/share/lab1/package.ps1'
[1.644s] INFO:colcon.colcon_core.shell:Creating package descriptor '/home/ubuntu/Documents/LabFunda/lab_ws/src/install/lab1/share/lab1/package.dsv'
[1.644s] INFO:colcon.colcon_core.shell:Creating package script '/home/ubuntu/Documents/LabFunda/lab_ws/src/install/lab1/share/lab1/package.sh'
[1.644s] INFO:colcon.colcon_core.shell:Creating package script '/home/ubuntu/Documents/LabFunda/lab_ws/src/install/lab1/share/lab1/package.bash'
[1.645s] INFO:colcon.colcon_core.shell:Creating package script '/home/ubuntu/Documents/LabFunda/lab_ws/src/install/lab1/share/lab1/package.zsh'
[1.645s] Level 1:colcon.colcon_core.environment:create_file_with_runtime_dependencies(/home/ubuntu/Documents/LabFunda/lab_ws/src/install/lab1/share/colcon-core/packages/lab1)
[1.646s] DEBUG:colcon.colcon_parallel_executor.executor.parallel:closing loop
[1.646s] DEBUG:colcon.colcon_parallel_executor.executor.parallel:loop closed
[1.646s] DEBUG:colcon.colcon_parallel_executor.executor.parallel:run_until_complete finished with '0'
[1.646s] DEBUG:colcon.colcon_core.event_reactor:joining thread
[1.654s] INFO:colcon.colcon_core.plugin_system:Skipping extension 'colcon_notification.desktop_notification.terminal_notifier': Not used on non-Darwin systems
[1.654s] INFO:colcon.colcon_core.plugin_system:Skipping extension 'colcon_notification.desktop_notification.win32': Not used on non-Windows systems
[1.654s] INFO:colcon.colcon_notification.desktop_notification:Sending desktop notification using 'notify2'
[1.674s] DEBUG:colcon.colcon_core.event_reactor:joined thread
[1.675s] INFO:colcon.colcon_core.shell:Creating prefix script '/home/ubuntu/Documents/LabFunda/lab_ws/src/install/local_setup.ps1'
[1.676s] INFO:colcon.colcon_core.shell:Creating prefix util module '/home/ubuntu/Documents/LabFunda/lab_ws/src/install/_local_setup_util_ps1.py'
[1.677s] INFO:colcon.colcon_core.shell:Creating prefix chain script '/home/ubuntu/Documents/LabFunda/lab_ws/src/install/setup.ps1'
[1.679s] INFO:colcon.colcon_core.shell:Creating prefix script '/home/ubuntu/Documents/LabFunda/lab_ws/src/install/local_setup.sh'
[1.679s] INFO:colcon.colcon_core.shell:Creating prefix util module '/home/ubuntu/Documents/LabFunda/lab_ws/src/install/_local_setup_util_sh.py'
[1.681s] INFO:colcon.colcon_core.shell:Creating prefix chain script '/home/ubuntu/Documents/LabFunda/lab_ws/src/install/setup.sh'
[1.682s] INFO:colcon.colcon_core.shell:Creating prefix script '/home/ubuntu/Documents/LabFunda/lab_ws/src/install/local_setup.bash'
[1.682s] INFO:colcon.colcon_core.shell:Creating prefix chain script '/home/ubuntu/Documents/LabFunda/lab_ws/src/install/setup.bash'
[1.683s] INFO:colcon.colcon_core.shell:Creating prefix script '/home/ubuntu/Documents/LabFunda/lab_ws/src/install/local_setup.zsh'
[1.685s] INFO:colcon.colcon_core.shell:Creating prefix chain script '/home/ubuntu/Documents/LabFunda/lab_ws/src/install/setup.zsh'
