running egg_info
creating ../../build/lab2/lab2.egg-info
writing ../../build/lab2/lab2.egg-info/PKG-INFO
writing dependency_links to ../../build/lab2/lab2.egg-info/dependency_links.txt
writing entry points to ../../build/lab2/lab2.egg-info/entry_points.txt
writing requirements to ../../build/lab2/lab2.egg-info/requires.txt
writing top-level names to ../../build/lab2/lab2.egg-info/top_level.txt
writing manifest file '../../build/lab2/lab2.egg-info/SOURCES.txt'
reading manifest file '../../build/lab2/lab2.egg-info/SOURCES.txt'
adding license file 'LICENSE'
writing manifest file '../../build/lab2/lab2.egg-info/SOURCES.txt'
running build
running build_py
creating /home/ubuntu/Documents/LabFunda/lab_ws/src/build/lab2/build
creating /home/ubuntu/Documents/LabFunda/lab_ws/src/build/lab2/build/lib
creating /home/ubuntu/Documents/LabFunda/lab_ws/src/build/lab2/build/lib/lab2
copying lab2/__init__.py -> /home/ubuntu/Documents/LabFunda/lab_ws/src/build/lab2/build/lib/lab2
copying lab2/nodo_sub.py -> /home/ubuntu/Documents/LabFunda/lab_ws/src/build/lab2/build/lib/lab2
copying lab2/nodo_pub.py -> /home/ubuntu/Documents/LabFunda/lab_ws/src/build/lab2/build/lib/lab2
running install
running install_lib
creating /home/ubuntu/Documents/LabFunda/lab_ws/src/install/lab2/lib/python3.10/site-packages/lab2
copying /home/ubuntu/Documents/LabFunda/lab_ws/src/build/lab2/build/lib/lab2/__init__.py -> /home/ubuntu/Documents/LabFunda/lab_ws/src/install/lab2/lib/python3.10/site-packages/lab2
copying /home/ubuntu/Documents/LabFunda/lab_ws/src/build/lab2/build/lib/lab2/nodo_sub.py -> /home/ubuntu/Documents/LabFunda/lab_ws/src/install/lab2/lib/python3.10/site-packages/lab2
copying /home/ubuntu/Documents/LabFunda/lab_ws/src/build/lab2/build/lib/lab2/nodo_pub.py -> /home/ubuntu/Documents/LabFunda/lab_ws/src/install/lab2/lib/python3.10/site-packages/lab2
byte-compiling /home/ubuntu/Documents/LabFunda/lab_ws/src/install/lab2/lib/python3.10/site-packages/lab2/__init__.py to __init__.cpython-310.pyc
byte-compiling /home/ubuntu/Documents/LabFunda/lab_ws/src/install/lab2/lib/python3.10/site-packages/lab2/nodo_sub.py to nodo_sub.cpython-310.pyc
byte-compiling /home/ubuntu/Documents/LabFunda/lab_ws/src/install/lab2/lib/python3.10/site-packages/lab2/nodo_pub.py to nodo_pub.cpython-310.pyc
running install_data
creating /home/ubuntu/Documents/LabFunda/lab_ws/src/install/lab2/share/ament_index
creating /home/ubuntu/Documents/LabFunda/lab_ws/src/install/lab2/share/ament_index/resource_index
creating /home/ubuntu/Documents/LabFunda/lab_ws/src/install/lab2/share/ament_index/resource_index/packages
copying resource/lab2 -> /home/ubuntu/Documents/LabFunda/lab_ws/src/install/lab2/share/ament_index/resource_index/packages
copying package.xml -> /home/ubuntu/Documents/LabFunda/lab_ws/src/install/lab2/share/lab2
creating /home/ubuntu/Documents/LabFunda/lab_ws/src/install/lab2/share/lab2/launch
copying launch/display_r6bot_sliders.xml -> /home/ubuntu/Documents/LabFunda/lab_ws/src/install/lab2/share/lab2/launch
copying launch/example1.launch -> /home/ubuntu/Documents/LabFunda/lab_ws/src/install/lab2/share/lab2/launch
running install_egg_info
Copying ../../build/lab2/lab2.egg-info to /home/ubuntu/Documents/LabFunda/lab_ws/src/install/lab2/lib/python3.10/site-packages/lab2-0.0.0-py3.10.egg-info
running install_scripts
Installing publisher script to /home/ubuntu/Documents/LabFunda/lab_ws/src/install/lab2/lib/lab2
Installing subscriber script to /home/ubuntu/Documents/LabFunda/lab_ws/src/install/lab2/lib/lab2
writing list of installed files to '/home/ubuntu/Documents/LabFunda/lab_ws/src/build/lab2/install.log'
