[0.961s] Invoking command in '/home/ubuntu/Documents/LabFunda/lab_ws/src/frlabs/lab2': PYTHONPATH=/home/ubuntu/Documents/LabFunda/lab_ws/src/build/lab2/prefix_override:/usr/lib/python3/dist-packages/colcon_core/task/python/colcon_distutils_commands:/home/ubuntu/Documents/LabFunda/lab_ws/src/install/lab2/lib/python3.10/site-packages:${PYTHONPATH} /usr/bin/python3 -W ignore:setup.py install is deprecated -W ignore:easy_install command is deprecated setup.py egg_info --egg-base ../../build/lab2 build --build-base /home/ubuntu/Documents/LabFunda/lab_ws/src/build/lab2/build install --record /home/ubuntu/Documents/LabFunda/lab_ws/src/build/lab2/install.log --single-version-externally-managed install_data
[1.175s] running egg_info
[1.176s] creating ../../build/lab2/lab2.egg-info
[1.176s] writing ../../build/lab2/lab2.egg-info/PKG-INFO
[1.176s] writing dependency_links to ../../build/lab2/lab2.egg-info/dependency_links.txt
[1.177s] writing entry points to ../../build/lab2/lab2.egg-info/entry_points.txt
[1.177s] writing requirements to ../../build/lab2/lab2.egg-info/requires.txt
[1.178s] writing top-level names to ../../build/lab2/lab2.egg-info/top_level.txt
[1.178s] writing manifest file '../../build/lab2/lab2.egg-info/SOURCES.txt'
[1.180s] reading manifest file '../../build/lab2/lab2.egg-info/SOURCES.txt'
[1.180s] adding license file 'LICENSE'
[1.180s] writing manifest file '../../build/lab2/lab2.egg-info/SOURCES.txt'
[1.180s] running build
[1.180s] running build_py
[1.180s] creating /home/ubuntu/Documents/LabFunda/lab_ws/src/build/lab2/build
[1.180s] creating /home/ubuntu/Documents/LabFunda/lab_ws/src/build/lab2/build/lib
[1.181s] creating /home/ubuntu/Documents/LabFunda/lab_ws/src/build/lab2/build/lib/lab2
[1.181s] copying lab2/__init__.py -> /home/ubuntu/Documents/LabFunda/lab_ws/src/build/lab2/build/lib/lab2
[1.181s] copying lab2/nodo_sub.py -> /home/ubuntu/Documents/LabFunda/lab_ws/src/build/lab2/build/lib/lab2
[1.181s] copying lab2/nodo_pub.py -> /home/ubuntu/Documents/LabFunda/lab_ws/src/build/lab2/build/lib/lab2
[1.181s] running install
[1.181s] running install_lib
[1.184s] creating /home/ubuntu/Documents/LabFunda/lab_ws/src/install/lab2/lib/python3.10/site-packages/lab2
[1.184s] copying /home/ubuntu/Documents/LabFunda/lab_ws/src/build/lab2/build/lib/lab2/__init__.py -> /home/ubuntu/Documents/LabFunda/lab_ws/src/install/lab2/lib/python3.10/site-packages/lab2
[1.185s] copying /home/ubuntu/Documents/LabFunda/lab_ws/src/build/lab2/build/lib/lab2/nodo_sub.py -> /home/ubuntu/Documents/LabFunda/lab_ws/src/install/lab2/lib/python3.10/site-packages/lab2
[1.185s] copying /home/ubuntu/Documents/LabFunda/lab_ws/src/build/lab2/build/lib/lab2/nodo_pub.py -> /home/ubuntu/Documents/LabFunda/lab_ws/src/install/lab2/lib/python3.10/site-packages/lab2
[1.185s] byte-compiling /home/ubuntu/Documents/LabFunda/lab_ws/src/install/lab2/lib/python3.10/site-packages/lab2/__init__.py to __init__.cpython-310.pyc
[1.187s] byte-compiling /home/ubuntu/Documents/LabFunda/lab_ws/src/install/lab2/lib/python3.10/site-packages/lab2/nodo_sub.py to nodo_sub.cpython-310.pyc
[1.187s] byte-compiling /home/ubuntu/Documents/LabFunda/lab_ws/src/install/lab2/lib/python3.10/site-packages/lab2/nodo_pub.py to nodo_pub.cpython-310.pyc
[1.187s] running install_data
[1.187s] creating /home/ubuntu/Documents/LabFunda/lab_ws/src/install/lab2/share/ament_index
[1.187s] creating /home/ubuntu/Documents/LabFunda/lab_ws/src/install/lab2/share/ament_index/resource_index
[1.187s] creating /home/ubuntu/Documents/LabFunda/lab_ws/src/install/lab2/share/ament_index/resource_index/packages
[1.187s] copying resource/lab2 -> /home/ubuntu/Documents/LabFunda/lab_ws/src/install/lab2/share/ament_index/resource_index/packages
[1.187s] copying package.xml -> /home/ubuntu/Documents/LabFunda/lab_ws/src/install/lab2/share/lab2
[1.187s] creating /home/ubuntu/Documents/LabFunda/lab_ws/src/install/lab2/share/lab2/launch
[1.187s] copying launch/display_r6bot_sliders.xml -> /home/ubuntu/Documents/LabFunda/lab_ws/src/install/lab2/share/lab2/launch
[1.187s] copying launch/example1.launch -> /home/ubuntu/Documents/LabFunda/lab_ws/src/install/lab2/share/lab2/launch
[1.187s] running install_egg_info
[1.189s] Copying ../../build/lab2/lab2.egg-info to /home/ubuntu/Documents/LabFunda/lab_ws/src/install/lab2/lib/python3.10/site-packages/lab2-0.0.0-py3.10.egg-info
[1.189s] running install_scripts
[1.207s] Installing publisher script to /home/ubuntu/Documents/LabFunda/lab_ws/src/install/lab2/lib/lab2
[1.207s] Installing subscriber script to /home/ubuntu/Documents/LabFunda/lab_ws/src/install/lab2/lib/lab2
[1.208s] writing list of installed files to '/home/ubuntu/Documents/LabFunda/lab_ws/src/build/lab2/install.log'
[1.234s] Invoked command in '/home/ubuntu/Documents/LabFunda/lab_ws/src/frlabs/lab2' returned '0': PYTHONPATH=/home/ubuntu/Documents/LabFunda/lab_ws/src/build/lab2/prefix_override:/usr/lib/python3/dist-packages/colcon_core/task/python/colcon_distutils_commands:/home/ubuntu/Documents/LabFunda/lab_ws/src/install/lab2/lib/python3.10/site-packages:${PYTHONPATH} /usr/bin/python3 -W ignore:setup.py install is deprecated -W ignore:easy_install command is deprecated setup.py egg_info --egg-base ../../build/lab2 build --build-base /home/ubuntu/Documents/LabFunda/lab_ws/src/build/lab2/build install --record /home/ubuntu/Documents/LabFunda/lab_ws/src/build/lab2/install.log --single-version-externally-managed install_data
