running egg_info
creating ../../build/lab1/lab1.egg-info
writing ../../build/lab1/lab1.egg-info/PKG-INFO
writing dependency_links to ../../build/lab1/lab1.egg-info/dependency_links.txt
writing entry points to ../../build/lab1/lab1.egg-info/entry_points.txt
writing requirements to ../../build/lab1/lab1.egg-info/requires.txt
writing top-level names to ../../build/lab1/lab1.egg-info/top_level.txt
writing manifest file '../../build/lab1/lab1.egg-info/SOURCES.txt'
reading manifest file '../../build/lab1/lab1.egg-info/SOURCES.txt'
adding license file 'LICENSE'
writing manifest file '../../build/lab1/lab1.egg-info/SOURCES.txt'
running build
running build_py
creating /home/ubuntu/Documents/LabFunda/lab_ws/src/build/lab1/build
creating /home/ubuntu/Documents/LabFunda/lab_ws/src/build/lab1/build/lib
creating /home/ubuntu/Documents/LabFunda/lab_ws/src/build/lab1/build/lib/lab1
copying lab1/__init__.py -> /home/ubuntu/Documents/LabFunda/lab_ws/src/build/lab1/build/lib/lab1
copying lab1/nodo_hola.py -> /home/ubuntu/Documents/LabFunda/lab_ws/src/build/lab1/build/lib/lab1
running install
running install_lib
creating /home/ubuntu/Documents/LabFunda/lab_ws/src/install/lab1/lib/python3.10/site-packages/lab1
copying /home/ubuntu/Documents/LabFunda/lab_ws/src/build/lab1/build/lib/lab1/__init__.py -> /home/ubuntu/Documents/LabFunda/lab_ws/src/install/lab1/lib/python3.10/site-packages/lab1
copying /home/ubuntu/Documents/LabFunda/lab_ws/src/build/lab1/build/lib/lab1/nodo_hola.py -> /home/ubuntu/Documents/LabFunda/lab_ws/src/install/lab1/lib/python3.10/site-packages/lab1
byte-compiling /home/ubuntu/Documents/LabFunda/lab_ws/src/install/lab1/lib/python3.10/site-packages/lab1/__init__.py to __init__.cpython-310.pyc
byte-compiling /home/ubuntu/Documents/LabFunda/lab_ws/src/install/lab1/lib/python3.10/site-packages/lab1/nodo_hola.py to nodo_hola.cpython-310.pyc
running install_data
creating /home/ubuntu/Documents/LabFunda/lab_ws/src/install/lab1/share/ament_index
creating /home/ubuntu/Documents/LabFunda/lab_ws/src/install/lab1/share/ament_index/resource_index
creating /home/ubuntu/Documents/LabFunda/lab_ws/src/install/lab1/share/ament_index/resource_index/packages
copying resource/lab1 -> /home/ubuntu/Documents/LabFunda/lab_ws/src/install/lab1/share/ament_index/resource_index/packages
copying package.xml -> /home/ubuntu/Documents/LabFunda/lab_ws/src/install/lab1/share/lab1
running install_egg_info
Copying ../../build/lab1/lab1.egg-info to /home/ubuntu/Documents/LabFunda/lab_ws/src/install/lab1/lib/python3.10/site-packages/lab1-0.0.0-py3.10.egg-info
running install_scripts
Installing nodo_hola script to /home/ubuntu/Documents/LabFunda/lab_ws/src/install/lab1/lib/lab1
writing list of installed files to '/home/ubuntu/Documents/LabFunda/lab_ws/src/build/lab1/install.log'
